(---------------------------------------------------------------------)
(                                                                     )
(    NC DRILL Log                                                     )
(                                                                     )
(    Drawing          : CAD_EX73022.brd                               )
(    Software Version : 17.2P019                                      )
(    Date/Time        : Tue Jul 30 16:50:04 2019                      )
(                                                                     )
(---------------------------------------------------------------------)



 Processing NC Parameters file 'nc_param.txt' ...

 NC PARAMETERS
 -------------

 FORMAT   		2.5
 MACHINE-OFFSET		x:0.00000	y:0.00000   (mm)
 FEEDRATE		1
 COORDINATES		ABSOLUTE
 OUTPUT-UNITS		METRIC
 TOOL-ORDER		INCREASING
 REPEAT-CODES		YES
 SUPPRESS-LEAD-ZEROES	NO
 SUPPRESS-TRAIL-ZEROES	NO
 SUPPRESS-EQUAL		NO
 TOOL-SELECT		NO
 HEADER			none
 LEADER			12
 CODE			ASCII
 SEPARATE		NO
 SEPARATE-ROUTING	NO
 OPTIMIZE_DRILLING	NO
 ENHANCED_EXCELLON	NO
 SCALE			1.000000



 Drill files being output to directory 'C:/work_CrCAD/allegro/gerber' ...



     'CAD_EX73022-1-2.drl' created for holes connecting TOP and BOTTOM
     -----------------------------------------------------------------

           Num     Size      +/- Tolerance     Plating   Quantity

            1.   0.3302    0.0000/  0.0000      PLATED          1
            2.   0.7870    0.0000/  0.0000      PLATED          3
            3.   0.9140    0.0000/  0.0000      PLATED         63
            4.   1.0670    0.0000/  0.0000      PLATED         18
            5.   3.1750    0.0000/  0.0000  NON_PLATED          3
            6.   3.9624    0.0000/  0.0000  NON_PLATED          1

     ---- Total holes:                                         89

     ---- Total head travel:              4.10 feet (1.25 meters)

