(---------------------------------------------------------------------)
(                                                                     )
(    Allegro Netrev Import Logic                                      )
(                                                                     )
(    Drawing          : CAD_EX7302.brd                                )
(    Software Version : 17.2P019                                      )
(    Date/Time        : Tue Jul 30 13:38:42 2019                      )
(                                                                     )
(---------------------------------------------------------------------)


------ Directives ------------

Ripup etch:                  No
Ripup delete first segment:  No
Ripup retain bondwire:       No
Ripup symbols:               Always
Missing symbol has error:    No
DRC update:                  Yes
Schematic directory:         'C:\WORK_CRCAD\ALLEGRO'
Design Directory:            'C:/WORK_CRCAD/allegro'
Old design name:             'C:/work_CrCAD/allegro/CAD_EX7302.brd'
New design name:             'C:/WORK_CRCAD/allegro/CAD_EX730.brd'

CmdLine: netrev.exe -y 1 -i C:\WORK_CRCAD\ALLEGRO C:\work_CrCAD\allegro\CAD_EX7302.brd C:\WORK_CRCAD\allegro\CAD_EX730.brd

------ Preparing to read pst files ------

Starting to read C:/WORK_CRCAD/ALLEGRO/pstchip.dat 
   Finished reading C:/WORK_CRCAD/ALLEGRO/pstchip.dat (00:00:00.05)
Starting to read C:/WORK_CRCAD/ALLEGRO/pstxprt.dat 
   Finished reading C:/WORK_CRCAD/ALLEGRO/pstxprt.dat (00:00:00.00)
Starting to read C:/WORK_CRCAD/ALLEGRO/pstxnet.dat 
   Finished reading C:/WORK_CRCAD/ALLEGRO/pstxnet.dat (00:00:00.00)

------ Oversights/Warnings/Errors ------


------ Library Paths ------
MODULEPATH =  . 
           C:/Cadence/SPB_17.2/share/local/pcb/modules 

PSMPATH =  . 
           symbols 
           .. 
           ../symbols 
           C:/Cadence/SPB_17.2/share/local/pcb/symbols 
           C:/Cadence/SPB_17.2/share/pcb/pcb_lib/symbols 
           C:/Cadence/SPB_17.2/share/pcb/allegrolib/symbols 
           C:/Users/user/Desktop/work/PCB_lib/pad/ 
           C:/Users/user/Desktop/work/PCB_lib/psm/ 
           C:/Users/user/Desktop/work/avrUSB500/symbols 

PADPATH =  . 
           symbols 
           .. 
           ../symbols 
           C:/Cadence/SPB_17.2/share/local/pcb/padstacks 
           C:/Cadence/SPB_17.2/share/pcb/pcb_lib/symbols 
           C:/Cadence/SPB_17.2/share/pcb/allegrolib/symbols 
           c:/Users/user/Desktop/work/PCB EX a.b/pcb/padstacks 
           C:/Users/user/Desktop/work/PCB_lib/pad/ 
           C:/Users/user/Desktop/work/PCB_lib/psm/ 
           C:/Users/user/Desktop/work/avrUSB500/symbols 


------ Summary Statistics ------


netrev run on Jul 30 13:38:42 2019
   DESIGN NAME : 'CAD_EX730'
   PACKAGING ON Mar  2 2016 00:37:24

   COMPILE 'logic'
   CHECK_PIN_NAMES OFF
   CROSS_REFERENCE OFF
   FEEDBACK OFF
   INCREMENTAL OFF
   INTERFACE_TYPE PHYSICAL
   MAX_ERRORS 500
   MERGE_MINIMUM 5
   NET_NAME_CHARS '#%&()*+-./:=>?@[]^_`|'
   NET_NAME_LENGTH 24
   OVERSIGHTS ON
   REPLACE_CHECK OFF
   SINGLE_NODE_NETS ON
   SPLIT_MINIMUM 0
   SUPPRESS   20
   WARNINGS ON

 No error detected
 No oversight detected
 No warning detected

cpu time      0:00:48
elapsed time  0:00:01

